<?xml version="1.0" encoding="UTF-8"?>
<!-- Generated by org.testng.reporters.JUnitXMLReporter -->
<testsuite hostname="INAIRLT541268" ignored="0" name="Default test" tests="4" failures="0" timestamp="2022-01-04T17:29:21 IST" time="0.043" errors="0">
  <testcase name="alogout" time="0.007" classname="LearnSelenium.TestNG.sessions.TestNgPriority"/>
  <testcase name="finalLogout" time="0.001" classname="LearnSelenium.TestNG.sessions.TestNgPriority"/>
  <testcase name="signIn2" time="0.0" classname="LearnSelenium.TestNG.sessions.TestNgPriority"/>
  <testcase name="signIn" time="0.0" classname="LearnSelenium.TestNG.sessions.TestNgPriority"/>
</testsuite> <!-- Default test -->
